<?xml version="1.0" encoding="UTF-8"?>
<!-- Generated by org.testng.reporters.JUnitXMLReporter -->
<testsuite ignored="5" hostname="Z422" failures="0" tests="4" name="RegistrationTest" time="86.001" errors="0" timestamp="2022-10-17T21:23:38 IST">
  <testcase classname="com.mystore.testcases.TC_LoginTest" name="registeredSignIn" time="22.133"/>
  <testcase classname="com.mystore.testcases.TC_LoginTest" name="registeredSignIn" time="10.325"/>
  <testcase classname="com.mystore.testcases.TC_LoginTest" name="registeredSignIn" time="10.01"/>
  <testcase classname="com.mystore.testcases.TC_LoginTest" name="registeredSignIn" time="7.42"/>
  <testcase classname="com.mystore.testcases.TC_LogOutTest" name="logOutTest" time="0.0">
    <ignored/>
  </testcase> <!-- logOutTest -->
  <testcase classname="com.mystore.testcases.TC_RegistrationTest" name="newRegistration" time="0.0">
    <ignored/>
  </testcase> <!-- newRegistration -->
  <testcase classname="com.mystore.testcases.TC_SearchProductTest" name="searchProduct" time="0.0">
    <ignored/>
  </testcase> <!-- searchProduct -->
  <testcase classname="com.mystore.testcases.TC_BuyProductTest" name="buyProductTest" time="0.0">
    <ignored/>
  </testcase> <!-- buyProductTest -->
  <testcase classname="com.mystore.testcases.TC_VerifyAddToWishlistTest" name="verifyAddWishList" time="0.0">
    <ignored/>
  </testcase> <!-- verifyAddWishList -->
</testsuite> <!-- RegistrationTest -->
