<?xml version="1.0" encoding="UTF-8"?>
<!-- Generated by org.testng.reporters.JUnitXMLReporter -->
<testsuite ignored="0" hostname="Z422" failures="0" tests="4" name="Default test" time="135.375" errors="0" timestamp="2022-11-02T02:58:09 IST">
  <testcase classname="com.mystore.testcases.TC_LoginTest" name="registeredSignIn" time="27.664"/>
  <testcase classname="com.mystore.testcases.TC_LoginTest" name="registeredSignIn" time="27.633"/>
  <testcase classname="com.mystore.testcases.TC_LoginTest" name="registeredSignIn" time="22.134"/>
  <testcase classname="com.mystore.testcases.TC_LoginTest" name="registeredSignIn" time="15.681"/>
</testsuite> <!-- Default test -->
