<?xml version="1.0" encoding="UTF-8"?>
<!-- Generated by org.testng.reporters.JUnitXMLReporter -->
<testsuite ignored="0" hostname="Z422" failures="0" tests="4" name="Default test" time="80.021" errors="0" timestamp="2022-10-26T10:36:58 IST">
  <testcase classname="com.mystore.testcases.TC_LogOutTest" name="logOutTest" time="20.678"/>
  <testcase classname="com.mystore.testcases.TC_LogOutTest" name="logOutTest" time="8.57"/>
  <testcase classname="com.mystore.testcases.TC_LogOutTest" name="logOutTest" time="10.149"/>
  <testcase classname="com.mystore.testcases.TC_LogOutTest" name="logOutTest" time="8.502"/>
</testsuite> <!-- Default test -->
