<?xml version="1.0" encoding="UTF-8"?>
<!-- Generated by org.testng.reporters.JUnitXMLReporter -->
<testsuite ignored="0" hostname="Z422" failures="1" tests="1" name="Test" time="34.064" errors="0" timestamp="2022-10-31T01:55:26 IST">
  <testcase classname="com.mystore.testcases.TC_FileUploadTest" name="FileUploading" time="6.331">
    <failure type="java.lang.AssertionError" message="null">
      <![CDATA[java.lang.AssertionError: null
at com.mystore.testcases.TC_FileUploadTest.FileUploading(TC_FileUploadTest.java:22)
at java.base/java.util.ArrayList.forEach(ArrayList.java:1511)
... Removed 27 stack frames]]>
    </failure>
  </testcase> <!-- FileUploading -->
</testsuite> <!-- Test -->
