<?xml version="1.0" encoding="UTF-8"?>
<testng-results ignored="2" total="9" passed="7" failed="0" skipped="0">
  <reporter-output>
  </reporter-output>
  <suite started-at="2022-10-18T01:54:07 IST" name="MyStore" finished-at="2022-10-18T01:57:15 IST" duration-ms="188325">
    <groups>
      <group name="Smoke">
        <method signature="TC_BuyProductTest.buyProductTest()[pri:0, instance:com.mystore.testcases.TC_BuyProductTest@222545dc]" name="buyProductTest" class="com.mystore.testcases.TC_BuyProductTest"/>
        <method signature="TC_LogOutTest.logOutTest(java.util.HashMap)[pri:0, instance:com.mystore.testcases.TC_LogOutTest@6ae5aa72]" name="logOutTest" class="com.mystore.testcases.TC_LogOutTest"/>
        <method signature="TC_SearchProductTest.searchProduct()[pri:0, instance:com.mystore.testcases.TC_SearchProductTest@245b4bdc]" name="searchProduct" class="com.mystore.testcases.TC_SearchProductTest"/>
        <method signature="TC_VerifyAddToWishlistTest.verifyAddWishList()[pri:0, instance:com.mystore.testcases.TC_VerifyAddToWishlistTest@5c5eefef]" name="verifyAddWishList" class="com.mystore.testcases.TC_VerifyAddToWishlistTest"/>
      </group> <!-- Smoke -->
    </groups>
    <test started-at="2022-10-18T01:54:07 IST" name="SmokeTest" finished-at="2022-10-18T01:57:15 IST" duration-ms="188325">
      <class name="com.mystore.testcases.TC_VerifyAddToWishlistTest">
        <test-method is-config="true" signature="setUp()[pri:0, instance:com.mystore.testcases.TC_VerifyAddToWishlistTest@5c5eefef]" started-at="2022-10-18T01:57:02 IST" name="setUp" finished-at="2022-10-18T01:57:11 IST" duration-ms="9316" status="PASS">
          <reporter-output>
          </reporter-output>
        </test-method> <!-- setUp -->
        <test-method signature="verifyAddWishList()[pri:0, instance:com.mystore.testcases.TC_VerifyAddToWishlistTest@5c5eefef]" started-at="2022-10-18T01:57:11 IST" name="verifyAddWishList" finished-at="2022-10-18T01:57:14 IST" duration-ms="3280" status="PASS">
          <reporter-output>
          </reporter-output>
        </test-method> <!-- verifyAddWishList -->
        <test-method is-config="true" signature="tearDown()[pri:0, instance:com.mystore.testcases.TC_VerifyAddToWishlistTest@5c5eefef]" started-at="2022-10-18T01:57:14 IST" name="tearDown" finished-at="2022-10-18T01:57:15 IST" duration-ms="515" status="PASS">
          <reporter-output>
          </reporter-output>
        </test-method> <!-- tearDown -->
      </class> <!-- com.mystore.testcases.TC_VerifyAddToWishlistTest -->
      <class name="com.mystore.testcases.TC_LogOutTest">
        <test-method is-config="true" signature="setUp()[pri:0, instance:com.mystore.testcases.TC_LogOutTest@6ae5aa72]" started-at="2022-10-18T01:54:33 IST" name="setUp" finished-at="2022-10-18T01:54:42 IST" duration-ms="9374" status="PASS">
          <reporter-output>
          </reporter-output>
        </test-method> <!-- setUp -->
        <test-method signature="logOutTest(java.util.HashMap)[pri:0, instance:com.mystore.testcases.TC_LogOutTest@6ae5aa72]" started-at="2022-10-18T01:54:43 IST" name="logOutTest" data-provider="dataSupplier" finished-at="2022-10-18T01:54:59 IST" duration-ms="16024" status="PASS">
          <params>
            <param index="0">
              <value>
                <![CDATA[{Runmode=Y, ExpectedResult=Failure, Username=akshaysnaik1005@gmail.com, Browser=Firefox, Password=A88615a*}]]>
              </value>
            </param>
          </params>
          <reporter-output>
          </reporter-output>
        </test-method> <!-- logOutTest -->
        <test-method signature="logOutTest(java.util.HashMap)[pri:0, instance:com.mystore.testcases.TC_LogOutTest@6ae5aa72]" started-at="2022-10-18T01:54:59 IST" name="logOutTest" data-provider="dataSupplier" finished-at="2022-10-18T01:55:12 IST" duration-ms="12192" status="PASS">
          <params>
            <param index="0">
              <value>
                <![CDATA[{Runmode=Y, ExpectedResult=Success, Username=akshaysnaik2@gmail.com, Browser=Firefox, Password=A88615a*}]]>
              </value>
            </param>
          </params>
          <reporter-output>
          </reporter-output>
        </test-method> <!-- logOutTest -->
        <test-method signature="logOutTest(java.util.HashMap)[pri:0, instance:com.mystore.testcases.TC_LogOutTest@6ae5aa72]" started-at="2022-10-18T01:55:12 IST" name="logOutTest" data-provider="dataSupplier" finished-at="2022-10-18T01:55:34 IST" duration-ms="22564" status="PASS">
          <params>
            <param index="0">
              <value>
                <![CDATA[{Runmode=Y, ExpectedResult=Success, Username=akshaysnaik3@gmail.com, Browser=Firefox, Password=A88615a*}]]>
              </value>
            </param>
          </params>
          <reporter-output>
          </reporter-output>
        </test-method> <!-- logOutTest -->
        <test-method signature="logOutTest(java.util.HashMap)[pri:0, instance:com.mystore.testcases.TC_LogOutTest@6ae5aa72]" started-at="2022-10-18T01:55:34 IST" name="logOutTest" data-provider="dataSupplier" finished-at="2022-10-18T01:56:15 IST" duration-ms="40944" status="PASS">
          <params>
            <param index="0">
              <value>
                <![CDATA[{Runmode=Y, ExpectedResult=Success, Username=akshaysnaik3@gmail.com, Browser=Chrome, Password=A88615a*}]]>
              </value>
            </param>
          </params>
          <reporter-output>
          </reporter-output>
        </test-method> <!-- logOutTest -->
        <test-method is-config="true" signature="tearDown()[pri:0, instance:com.mystore.testcases.TC_LogOutTest@6ae5aa72]" started-at="2022-10-18T01:56:15 IST" name="tearDown" finished-at="2022-10-18T01:56:16 IST" duration-ms="511" status="PASS">
          <reporter-output>
          </reporter-output>
        </test-method> <!-- tearDown -->
      </class> <!-- com.mystore.testcases.TC_LogOutTest -->
      <class name="com.mystore.testcases.TC_SearchProductTest">
        <test-method is-config="true" signature="setUp()[pri:0, instance:com.mystore.testcases.TC_SearchProductTest@245b4bdc]" started-at="2022-10-18T01:54:07 IST" name="setUp" finished-at="2022-10-18T01:54:21 IST" duration-ms="13777" status="PASS">
          <reporter-output>
          </reporter-output>
        </test-method> <!-- setUp -->
        <test-method signature="searchProduct()[pri:0, instance:com.mystore.testcases.TC_SearchProductTest@245b4bdc]" started-at="2022-10-18T01:54:21 IST" name="searchProduct" finished-at="2022-10-18T01:54:32 IST" duration-ms="10929" status="PASS">
          <reporter-output>
          </reporter-output>
        </test-method> <!-- searchProduct -->
        <test-method is-config="true" signature="tearDown()[pri:0, instance:com.mystore.testcases.TC_SearchProductTest@245b4bdc]" started-at="2022-10-18T01:54:32 IST" name="tearDown" finished-at="2022-10-18T01:54:33 IST" duration-ms="426" status="PASS">
          <reporter-output>
          </reporter-output>
        </test-method> <!-- tearDown -->
      </class> <!-- com.mystore.testcases.TC_SearchProductTest -->
      <class name="com.mystore.testcases.TC_BuyProductTest">
        <test-method is-config="true" signature="setUp()[pri:0, instance:com.mystore.testcases.TC_BuyProductTest@222545dc]" started-at="2022-10-18T01:56:16 IST" name="setUp" finished-at="2022-10-18T01:56:27 IST" duration-ms="11409" status="PASS">
          <reporter-output>
          </reporter-output>
        </test-method> <!-- setUp -->
        <test-method signature="buyProductTest()[pri:0, instance:com.mystore.testcases.TC_BuyProductTest@222545dc]" started-at="2022-10-18T01:56:27 IST" name="buyProductTest" finished-at="2022-10-18T01:57:01 IST" duration-ms="34149" status="PASS">
          <reporter-output>
          </reporter-output>
        </test-method> <!-- buyProductTest -->
        <test-method is-config="true" signature="tearDown()[pri:0, instance:com.mystore.testcases.TC_BuyProductTest@222545dc]" started-at="2022-10-18T01:57:01 IST" name="tearDown" finished-at="2022-10-18T01:57:02 IST" duration-ms="609" status="PASS">
          <reporter-output>
          </reporter-output>
        </test-method> <!-- tearDown -->
      </class> <!-- com.mystore.testcases.TC_BuyProductTest -->
    </test> <!-- SmokeTest -->
  </suite> <!-- MyStore -->
</testng-results>
