<?xml version="1.0" encoding="UTF-8"?>
<testng-results ignored="0" total="4" passed="4" failed="0" skipped="0">
  <reporter-output>
  </reporter-output>
  <suite started-at="2022-10-26T10:35:38 IST" name="Default suite" finished-at="2022-10-26T10:36:58 IST" duration-ms="80021">
    <groups>
      <group name="Smoke">
        <method signature="TC_LogOutTest.logOutTest(java.util.HashMap)[pri:0, instance:com.mystore.testcases.TC_LogOutTest@55141def]" name="logOutTest" class="com.mystore.testcases.TC_LogOutTest"/>
      </group> <!-- Smoke -->
    </groups>
    <test started-at="2022-10-26T10:35:38 IST" name="Default test" finished-at="2022-10-26T10:36:58 IST" duration-ms="80021">
      <class name="com.mystore.testcases.TC_LogOutTest">
        <test-method is-config="true" signature="setUp()[pri:0, instance:com.mystore.testcases.TC_LogOutTest@55141def]" started-at="2022-10-26T10:35:38 IST" name="setUp" finished-at="2022-10-26T10:35:59 IST" duration-ms="21208" status="PASS">
          <reporter-output>
          </reporter-output>
        </test-method> <!-- setUp -->
        <test-method signature="logOutTest(java.util.HashMap)[pri:0, instance:com.mystore.testcases.TC_LogOutTest@55141def]" started-at="2022-10-26T10:36:10 IST" name="logOutTest" data-provider="dataSupplier" finished-at="2022-10-26T10:36:30 IST" duration-ms="20678" status="PASS">
          <params>
            <param index="0">
              <value>
                <![CDATA[{Runmode=Y, ExpectedResult=Failure, Username=akshaysnaik1005@gmail.com, Browser=Firefox, Password=A88615a*}]]>
              </value>
            </param>
          </params>
          <reporter-output>
          </reporter-output>
        </test-method> <!-- logOutTest -->
        <test-method signature="logOutTest(java.util.HashMap)[pri:0, instance:com.mystore.testcases.TC_LogOutTest@55141def]" started-at="2022-10-26T10:36:30 IST" name="logOutTest" data-provider="dataSupplier" finished-at="2022-10-26T10:36:39 IST" duration-ms="8570" status="PASS">
          <params>
            <param index="0">
              <value>
                <![CDATA[{Runmode=Y, ExpectedResult=Success, Username=akshaysnaik2@gmail.com, Browser=Firefox, Password=A88615a*}]]>
              </value>
            </param>
          </params>
          <reporter-output>
          </reporter-output>
        </test-method> <!-- logOutTest -->
        <test-method signature="logOutTest(java.util.HashMap)[pri:0, instance:com.mystore.testcases.TC_LogOutTest@55141def]" started-at="2022-10-26T10:36:39 IST" name="logOutTest" data-provider="dataSupplier" finished-at="2022-10-26T10:36:49 IST" duration-ms="10149" status="PASS">
          <params>
            <param index="0">
              <value>
                <![CDATA[{Runmode=Y, ExpectedResult=Success, Username=akshaysnaik3@gmail.com, Browser=Firefox, Password=A88615a*}]]>
              </value>
            </param>
          </params>
          <reporter-output>
          </reporter-output>
        </test-method> <!-- logOutTest -->
        <test-method signature="logOutTest(java.util.HashMap)[pri:0, instance:com.mystore.testcases.TC_LogOutTest@55141def]" started-at="2022-10-26T10:36:49 IST" name="logOutTest" data-provider="dataSupplier" finished-at="2022-10-26T10:36:57 IST" duration-ms="8502" status="PASS">
          <params>
            <param index="0">
              <value>
                <![CDATA[{Runmode=Y, ExpectedResult=Success, Username=akshaysnaik3@gmail.com, Browser=Chrome, Password=A88615a*}]]>
              </value>
            </param>
          </params>
          <reporter-output>
          </reporter-output>
        </test-method> <!-- logOutTest -->
        <test-method is-config="true" signature="tearDown()[pri:0, instance:com.mystore.testcases.TC_LogOutTest@55141def]" started-at="2022-10-26T10:36:58 IST" name="tearDown" finished-at="2022-10-26T10:36:58 IST" duration-ms="557" status="PASS">
          <reporter-output>
          </reporter-output>
        </test-method> <!-- tearDown -->
      </class> <!-- com.mystore.testcases.TC_LogOutTest -->
    </test> <!-- Default test -->
  </suite> <!-- Default suite -->
</testng-results>
