<?xml version="1.0" encoding="UTF-8"?>
<testng-results ignored="0" total="4" passed="4" failed="0" skipped="0">
  <reporter-output>
  </reporter-output>
  <suite started-at="2022-11-02T02:55:54 IST" name="Default suite" finished-at="2022-11-02T02:58:09 IST" duration-ms="135375">
    <groups>
    </groups>
    <test started-at="2022-11-02T02:55:54 IST" name="Default test" finished-at="2022-11-02T02:58:09 IST" duration-ms="135375">
      <class name="com.mystore.testcases.TC_LoginTest">
        <test-method is-config="true" signature="setUp()[pri:0, instance:com.mystore.testcases.TC_LoginTest@478190fc]" started-at="2022-11-02T02:55:54 IST" name="setUp" finished-at="2022-11-02T02:56:21 IST" duration-ms="26750" status="PASS">
          <reporter-output>
          </reporter-output>
        </test-method> <!-- setUp -->
        <test-method signature="registeredSignIn(java.util.HashMap)[pri:0, instance:com.mystore.testcases.TC_LoginTest@478190fc]" started-at="2022-11-02T02:56:35 IST" name="registeredSignIn" data-provider="dataSender" finished-at="2022-11-02T02:57:03 IST" duration-ms="27664" status="PASS">
          <params>
            <param index="0">
              <value>
                <![CDATA[{Runmode=Y, ExpectedResult=Failure, Username=akshaysnaik1005@gmail.com, Browser=Firefox, Password=A88615a*}]]>
              </value>
            </param>
          </params>
          <reporter-output>
          </reporter-output>
        </test-method> <!-- registeredSignIn -->
        <test-method signature="registeredSignIn(java.util.HashMap)[pri:0, instance:com.mystore.testcases.TC_LoginTest@478190fc]" started-at="2022-11-02T02:57:03 IST" name="registeredSignIn" data-provider="dataSender" finished-at="2022-11-02T02:57:31 IST" duration-ms="27633" status="PASS">
          <params>
            <param index="0">
              <value>
                <![CDATA[{Runmode=Y, ExpectedResult=Success, Username=akshaysnaik2@gmail.com, Browser=Firefox, Password=A88615a*}]]>
              </value>
            </param>
          </params>
          <reporter-output>
          </reporter-output>
        </test-method> <!-- registeredSignIn -->
        <test-method signature="registeredSignIn(java.util.HashMap)[pri:0, instance:com.mystore.testcases.TC_LoginTest@478190fc]" started-at="2022-11-02T02:57:31 IST" name="registeredSignIn" data-provider="dataSender" finished-at="2022-11-02T02:57:53 IST" duration-ms="22134" status="PASS">
          <params>
            <param index="0">
              <value>
                <![CDATA[{Runmode=Y, ExpectedResult=Success, Username=akshaysnaik3@gmail.com, Browser=Firefox, Password=A88615a*}]]>
              </value>
            </param>
          </params>
          <reporter-output>
          </reporter-output>
        </test-method> <!-- registeredSignIn -->
        <test-method signature="registeredSignIn(java.util.HashMap)[pri:0, instance:com.mystore.testcases.TC_LoginTest@478190fc]" started-at="2022-11-02T02:57:53 IST" name="registeredSignIn" data-provider="dataSender" finished-at="2022-11-02T02:58:08 IST" duration-ms="15681" status="PASS">
          <params>
            <param index="0">
              <value>
                <![CDATA[{Runmode=Y, ExpectedResult=Success, Username=akshaysnaik3@gmail.com, Browser=Chrome, Password=A88615a*}]]>
              </value>
            </param>
          </params>
          <reporter-output>
          </reporter-output>
        </test-method> <!-- registeredSignIn -->
        <test-method is-config="true" signature="tearDown()[pri:0, instance:com.mystore.testcases.TC_LoginTest@478190fc]" started-at="2022-11-02T02:58:08 IST" name="tearDown" finished-at="2022-11-02T02:58:09 IST" duration-ms="846" status="PASS">
          <reporter-output>
          </reporter-output>
        </test-method> <!-- tearDown -->
      </class> <!-- com.mystore.testcases.TC_LoginTest -->
    </test> <!-- Default test -->
  </suite> <!-- Default suite -->
</testng-results>
