<?xml version="1.0" encoding="UTF-8"?>
<!-- Generated by org.testng.reporters.JUnitXMLReporter -->
<testsuite ignored="2" hostname="Z422" failures="0" tests="7" name="SmokeTest" time="188.325" errors="0" timestamp="2022-10-18T01:57:16 IST">
  <testcase classname="com.mystore.testcases.TC_SearchProductTest" name="searchProduct" time="10.929"/>
  <testcase classname="com.mystore.testcases.TC_LogOutTest" name="logOutTest" time="16.024"/>
  <testcase classname="com.mystore.testcases.TC_LogOutTest" name="logOutTest" time="12.192"/>
  <testcase classname="com.mystore.testcases.TC_LogOutTest" name="logOutTest" time="22.564"/>
  <testcase classname="com.mystore.testcases.TC_LogOutTest" name="logOutTest" time="40.944"/>
  <testcase classname="com.mystore.testcases.TC_BuyProductTest" name="buyProductTest" time="34.149"/>
  <testcase classname="com.mystore.testcases.TC_VerifyAddToWishlistTest" name="verifyAddWishList" time="3.28"/>
  <testcase classname="com.mystore.testcases.TC_RegistrationTest" name="newRegistration" time="0.0">
    <ignored/>
  </testcase> <!-- newRegistration -->
  <testcase classname="com.mystore.testcases.TC_LoginTest" name="registeredSignIn" time="0.0">
    <ignored/>
  </testcase> <!-- registeredSignIn -->
</testsuite> <!-- SmokeTest -->
